Copyright 1986-2018 Xilinx, Inc. All Rights Reserved.
-------------------------------------------------------------------------------------------------------------------------------
| Tool Version     : Vivado v.2018.2 (lin64) Build 2258646 Thu Jun 14 20:02:38 MDT 2018
| Date             : Mon Apr 29 09:01:17 2024
| Host             : ddrc-user1 running 64-bit Ubuntu 20.04.6 LTS
| Command          : report_power -file soc_power_routed.rpt -pb soc_power_summary_routed.pb -rpx soc_power_routed.rpx
| Design           : soc
| Device           : xc7a100tcsg324-1
| Design State     : routed
| Grade            : commercial
| Process          : typical
| Characterization : Production
-------------------------------------------------------------------------------------------------------------------------------

Power Report

Table of Contents
-----------------
1. Summary
1.1 On-Chip Components
1.2 Power Supply Summary
1.3 Confidence Level
2. Settings
2.1 Environment
2.2 Clock Constraints
3. Detailed Reports
3.1 By Hierarchy

1. Summary
----------

+--------------------------+--------------+
| Total On-Chip Power (W)  | 0.146        |
| Design Power Budget (W)  | Unspecified* |
| Power Budget Margin (W)  | NA           |
| Dynamic (W)              | 0.048        |
| Device Static (W)        | 0.098        |
| Effective TJA (C/W)      | 4.6          |
| Max Ambient (C)          | 84.3         |
| Junction Temperature (C) | 25.7         |
| Confidence Level         | Low          |
| Setting File             | ---          |
| Simulation Activity File | ---          |
| Design Nets Matched      | NA           |
+--------------------------+--------------+
* Specify Design Power Budget using, set_operating_conditions -design_power_budget <value in Watts>


1.1 On-Chip Components
----------------------

+-------------------------+-----------+----------+-----------+-----------------+
| On-Chip                 | Power (W) | Used     | Available | Utilization (%) |
+-------------------------+-----------+----------+-----------+-----------------+
| Clocks                  |    <0.001 |        3 |       --- |             --- |
| Slice Logic             |     0.014 |    73001 |       --- |             --- |
|   LUT as Logic          |     0.012 |    31043 |     63400 |           48.96 |
|   CARRY4                |     0.001 |     4171 |     15850 |           26.32 |
|   Register              |    <0.001 |    28993 |    126800 |           22.87 |
|   F7/F8 Muxes           |    <0.001 |     2916 |     63400 |            4.60 |
|   LUT as Shift Register |    <0.001 |      113 |     19000 |            0.59 |
|   BUFG                  |    <0.001 |        7 |        32 |           21.88 |
|   Others                |     0.000 |      702 |       --- |             --- |
| Signals                 |     0.030 |    60202 |       --- |             --- |
| Block RAM               |    <0.001 |        8 |       135 |            5.93 |
| DSPs                    |    <0.001 |        4 |       240 |            1.67 |
| I/O                     |     0.003 |       17 |       210 |            8.10 |
| Static Power            |     0.098 |          |           |                 |
| Total                   |     0.146 |          |           |                 |
+-------------------------+-----------+----------+-----------+-----------------+


1.2 Power Supply Summary
------------------------

+-----------+-------------+-----------+-------------+------------+
| Source    | Voltage (V) | Total (A) | Dynamic (A) | Static (A) |
+-----------+-------------+-----------+-------------+------------+
| Vccint    |       1.000 |     0.060 |       0.045 |      0.015 |
| Vccaux    |       1.800 |     0.018 |       0.000 |      0.018 |
| Vcco33    |       3.300 |     0.005 |       0.001 |      0.004 |
| Vcco25    |       2.500 |     0.000 |       0.000 |      0.000 |
| Vcco18    |       1.800 |     0.000 |       0.000 |      0.000 |
| Vcco15    |       1.500 |     0.000 |       0.000 |      0.000 |
| Vcco135   |       1.350 |     0.000 |       0.000 |      0.000 |
| Vcco12    |       1.200 |     0.000 |       0.000 |      0.000 |
| Vccaux_io |       1.800 |     0.000 |       0.000 |      0.000 |
| Vccbram   |       1.000 |     0.000 |       0.000 |      0.000 |
| MGTAVcc   |       1.000 |     0.000 |       0.000 |      0.000 |
| MGTAVtt   |       1.200 |     0.000 |       0.000 |      0.000 |
| Vccadc    |       1.800 |     0.020 |       0.000 |      0.020 |
+-----------+-------------+-----------+-------------+------------+


1.3 Confidence Level
--------------------

+-----------------------------+------------+-------------------------------------------------------+--------------------------------------------------------------------------------------------------------------------+
| User Input Data             | Confidence | Details                                               | Action                                                                                                             |
+-----------------------------+------------+-------------------------------------------------------+--------------------------------------------------------------------------------------------------------------------+
| Design implementation state | High       | Design is routed                                      |                                                                                                                    |
| Clock nodes activity        | Low        | User specified less than 75% of clocks                | Provide missing clock activity with a constraint file, simulation results or by editing the "By Clock Domain" view |
| I/O nodes activity          | Medium     | More than 5% of inputs are missing user specification | Provide missing input activity with simulation results or by editing the "By Resource Type -> I/Os" view           |
| Internal nodes activity     | Medium     | User specified less than 25% of internal nodes        | Provide missing internal nodes activity with simulation results or by editing the "By Resource Type" views         |
| Device models               | High       | Device models are Production                          |                                                                                                                    |
|                             |            |                                                       |                                                                                                                    |
| Overall confidence level    | Low        |                                                       |                                                                                                                    |
+-----------------------------+------------+-------------------------------------------------------+--------------------------------------------------------------------------------------------------------------------+


2. Settings
-----------

2.1 Environment
---------------

+-----------------------+--------------------------+
| Ambient Temp (C)      | 25.0                     |
| ThetaJA (C/W)         | 4.6                      |
| Airflow (LFM)         | 250                      |
| Heat Sink             | medium (Medium Profile)  |
| ThetaSA (C/W)         | 4.6                      |
| Board Selection       | medium (10"x10")         |
| # of Board Layers     | 12to15 (12 to 15 Layers) |
| Board Temperature (C) | 25.0                     |
+-----------------------+--------------------------+


2.2 Clock Constraints
---------------------

+---------+--------+-----------------+
| Clock   | Domain | Constraint (ns) |
+---------+--------+-----------------+
| sys_clk | clk    |            40.0 |
+---------+--------+-----------------+


3. Detailed Reports
-------------------

3.1 By Hierarchy
----------------

+------------------------------------------------+-----------+
| Name                                           | Power (W) |
+------------------------------------------------+-----------+
| soc                                            |     0.048 |
|   divider_1                                    |    <0.001 |
|   top_instance                                 |     0.044 |
|     UUT                                        |     0.009 |
|       ALU_MUX_1                                |    <0.001 |
|       ALU_MUX_2                                |    <0.001 |
|       IMMEDIATE_CREATE                         |    <0.001 |
|       JUMP_ADDER                               |    <0.001 |
|       LOAD_STORE                               |    <0.001 |
|       PC_ADDER                                 |    <0.001 |
|       WRITE_BACK_MUX                           |    <0.001 |
|       Write_data_for_csr                       |    <0.001 |
|       alu_flip                                 |    <0.001 |
|       calculator                               |    <0.001 |
|       control_unit_flip                        |    <0.001 |
|       csr_address_from_extend                  |    <0.001 |
|       csr_and_intrupts                         |    <0.001 |
|         csr_mcause_reg[0]                      |    <0.001 |
|       flip_flop_pc                             |    <0.001 |
|       forward_mux_to_alu_mux_1                 |    <0.001 |
|       forward_mux_to_alu_mux_2                 |    <0.001 |
|       hazard_detection_unit                    |    <0.001 |
|       instruction_flip                         |     0.003 |
|       instruction_memory                       |    <0.001 |
|       led_display_on_hardware                  |    <0.001 |
|       pc_for_jump_flip                         |    <0.001 |
|       pc_to_alu_mux_flip                       |    <0.001 |
|       rd_flip                                  |    <0.001 |
|       register_file                            |    <0.001 |
|       stall_and_flush_to_inst_flip             |    <0.001 |
|     gemm_instance                              |     0.032 |
|       buffer_instance                          |    <0.001 |
|       datapath_instance                        |     0.029 |
|         accumulator_instance                   |     0.004 |
|           genblk1[0].acum_buffer_instance      |     0.003 |
|             accumulator                        |     0.001 |
|             buffer_instance                    |     0.002 |
|           genblk1[1].acum_buffer_instance      |    <0.001 |
|             accumulator                        |    <0.001 |
|             buffer_instance                    |    <0.001 |
|           genblk1[2].acum_buffer_instance      |    <0.001 |
|             accumulator                        |    <0.001 |
|             buffer_instance                    |    <0.001 |
|           genblk1[3].acum_buffer_instance      |    <0.001 |
|             accumulator                        |    <0.001 |
|             buffer_instance                    |    <0.001 |
|         genblk1[0].of_data_setup_inst          |     0.002 |
|           genblk1[0].pipeline_gen_instance     |    <0.001 |
|           genblk1[1].pipeline_gen_instance     |    <0.001 |
|           genblk1[2].pipeline_gen_instance     |    <0.001 |
|         genblk1[12].of_data_setup_inst         |     0.002 |
|           genblk1[0].pipeline_gen_instance     |    <0.001 |
|           genblk1[1].pipeline_gen_instance     |    <0.001 |
|           genblk1[2].pipeline_gen_instance     |    <0.001 |
|         genblk1[4].of_data_setup_inst          |     0.002 |
|           genblk1[0].pipeline_gen_instance     |    <0.001 |
|           genblk1[1].pipeline_gen_instance     |    <0.001 |
|           genblk1[2].pipeline_gen_instance     |    <0.001 |
|         genblk1[8].of_data_setup_inst          |     0.002 |
|           genblk1[0].pipeline_gen_instance     |    <0.001 |
|           genblk1[1].pipeline_gen_instance     |    <0.001 |
|           genblk1[2].pipeline_gen_instance     |    <0.001 |
|         input_data_setup                       |     0.002 |
|           genblk1[10].pipeline_gen_instance    |    <0.001 |
|           genblk1[11].pipeline_gen_instance    |    <0.001 |
|           genblk1[12].pipeline_gen_instance    |    <0.001 |
|           genblk1[13].pipeline_gen_instance    |    <0.001 |
|           genblk1[14].pipeline_gen_instance    |    <0.001 |
|           genblk1[15].pipeline_gen_instance    |    <0.001 |
|           genblk1[1].pipeline_gen_instance     |    <0.001 |
|           genblk1[2].pipeline_gen_instance     |    <0.001 |
|           genblk1[3].pipeline_gen_instance     |    <0.001 |
|           genblk1[4].pipeline_gen_instance     |    <0.001 |
|           genblk1[5].pipeline_gen_instance     |    <0.001 |
|           genblk1[6].pipeline_gen_instance     |    <0.001 |
|           genblk1[7].pipeline_gen_instance     |    <0.001 |
|           genblk1[8].pipeline_gen_instance     |    <0.001 |
|           genblk1[9].pipeline_gen_instance     |    <0.001 |
|         input_valid_setup                      |    <0.001 |
|           genblk1[10].pipeline_gen_instance    |    <0.001 |
|           genblk1[11].pipeline_gen_instance    |    <0.001 |
|           genblk1[12].pipeline_gen_instance    |    <0.001 |
|           genblk1[13].pipeline_gen_instance    |    <0.001 |
|           genblk1[14].pipeline_gen_instance    |    <0.001 |
|           genblk1[15].pipeline_gen_instance    |    <0.001 |
|           genblk1[1].pipeline_gen_instance     |    <0.001 |
|           genblk1[2].pipeline_gen_instance     |    <0.001 |
|           genblk1[3].pipeline_gen_instance     |    <0.001 |
|           genblk1[4].pipeline_gen_instance     |    <0.001 |
|           genblk1[5].pipeline_gen_instance     |    <0.001 |
|           genblk1[6].pipeline_gen_instance     |    <0.001 |
|           genblk1[7].pipeline_gen_instance     |    <0.001 |
|           genblk1[8].pipeline_gen_instance     |    <0.001 |
|           genblk1[9].pipeline_gen_instance     |    <0.001 |
|         pipeline_gen_instance                  |    <0.001 |
|         pipeline_gen_instance2                 |    <0.001 |
|         pipeline_gen_instance3                 |    <0.001 |
|         super_sys_instance                     |     0.015 |
|           core0                                |     0.004 |
|             genblk1[0].genblk1[0].mac_instance |    <0.001 |
|             genblk1[0].genblk1[1].mac_instance |    <0.001 |
|             genblk1[0].genblk1[2].mac_instance |    <0.001 |
|             genblk1[0].genblk1[3].mac_instance |    <0.001 |
|             genblk1[0].genblk1[4].mac_instance |    <0.001 |
|             genblk1[0].genblk1[5].mac_instance |    <0.001 |
|             genblk1[0].genblk1[6].mac_instance |    <0.001 |
|             genblk1[0].genblk1[7].mac_instance |    <0.001 |
|             genblk1[1].genblk1[0].mac_instance |    <0.001 |
|             genblk1[1].genblk1[1].mac_instance |    <0.001 |
|             genblk1[1].genblk1[2].mac_instance |    <0.001 |
|             genblk1[1].genblk1[3].mac_instance |    <0.001 |
|             genblk1[1].genblk1[4].mac_instance |    <0.001 |
|             genblk1[1].genblk1[5].mac_instance |    <0.001 |
|             genblk1[1].genblk1[6].mac_instance |    <0.001 |
|             genblk1[1].genblk1[7].mac_instance |    <0.001 |
|             genblk1[2].genblk1[0].mac_instance |    <0.001 |
|             genblk1[2].genblk1[1].mac_instance |    <0.001 |
|             genblk1[2].genblk1[2].mac_instance |    <0.001 |
|             genblk1[2].genblk1[3].mac_instance |    <0.001 |
|             genblk1[2].genblk1[4].mac_instance |    <0.001 |
|             genblk1[2].genblk1[5].mac_instance |    <0.001 |
|             genblk1[2].genblk1[6].mac_instance |    <0.001 |
|             genblk1[2].genblk1[7].mac_instance |    <0.001 |
|             genblk1[3].genblk1[0].mac_instance |    <0.001 |
|             genblk1[3].genblk1[1].mac_instance |    <0.001 |
|             genblk1[3].genblk1[2].mac_instance |    <0.001 |
|             genblk1[3].genblk1[3].mac_instance |    <0.001 |
|             genblk1[3].genblk1[4].mac_instance |    <0.001 |
|             genblk1[3].genblk1[5].mac_instance |    <0.001 |
|             genblk1[3].genblk1[6].mac_instance |    <0.001 |
|             genblk1[3].genblk1[7].mac_instance |    <0.001 |
|             genblk1[4].genblk1[0].mac_instance |    <0.001 |
|             genblk1[4].genblk1[1].mac_instance |    <0.001 |
|             genblk1[4].genblk1[2].mac_instance |    <0.001 |
|             genblk1[4].genblk1[3].mac_instance |    <0.001 |
|             genblk1[4].genblk1[4].mac_instance |    <0.001 |
|             genblk1[4].genblk1[5].mac_instance |    <0.001 |
|             genblk1[4].genblk1[6].mac_instance |    <0.001 |
|             genblk1[4].genblk1[7].mac_instance |    <0.001 |
|             genblk1[5].genblk1[0].mac_instance |    <0.001 |
|             genblk1[5].genblk1[1].mac_instance |    <0.001 |
|             genblk1[5].genblk1[2].mac_instance |    <0.001 |
|             genblk1[5].genblk1[3].mac_instance |    <0.001 |
|             genblk1[5].genblk1[4].mac_instance |    <0.001 |
|             genblk1[5].genblk1[5].mac_instance |    <0.001 |
|             genblk1[5].genblk1[6].mac_instance |    <0.001 |
|             genblk1[5].genblk1[7].mac_instance |    <0.001 |
|             genblk1[6].genblk1[0].mac_instance |    <0.001 |
|             genblk1[6].genblk1[1].mac_instance |    <0.001 |
|             genblk1[6].genblk1[2].mac_instance |    <0.001 |
|             genblk1[6].genblk1[3].mac_instance |    <0.001 |
|             genblk1[6].genblk1[4].mac_instance |    <0.001 |
|             genblk1[6].genblk1[5].mac_instance |    <0.001 |
|             genblk1[6].genblk1[6].mac_instance |    <0.001 |
|             genblk1[6].genblk1[7].mac_instance |    <0.001 |
|             genblk1[7].genblk1[0].mac_instance |    <0.001 |
|             genblk1[7].genblk1[1].mac_instance |    <0.001 |
|             genblk1[7].genblk1[2].mac_instance |    <0.001 |
|             genblk1[7].genblk1[3].mac_instance |    <0.001 |
|             genblk1[7].genblk1[4].mac_instance |    <0.001 |
|             genblk1[7].genblk1[5].mac_instance |    <0.001 |
|             genblk1[7].genblk1[6].mac_instance |    <0.001 |
|             genblk1[7].genblk1[7].mac_instance |    <0.001 |
|           core1                                |     0.002 |
|             genblk1[0].genblk1[0].mac_instance |    <0.001 |
|             genblk1[0].genblk1[1].mac_instance |    <0.001 |
|             genblk1[0].genblk1[2].mac_instance |    <0.001 |
|             genblk1[0].genblk1[3].mac_instance |    <0.001 |
|             genblk1[0].genblk1[4].mac_instance |    <0.001 |
|             genblk1[0].genblk1[5].mac_instance |    <0.001 |
|             genblk1[0].genblk1[6].mac_instance |    <0.001 |
|             genblk1[0].genblk1[7].mac_instance |    <0.001 |
|             genblk1[1].genblk1[0].mac_instance |    <0.001 |
|             genblk1[1].genblk1[1].mac_instance |    <0.001 |
|             genblk1[1].genblk1[2].mac_instance |    <0.001 |
|             genblk1[1].genblk1[3].mac_instance |    <0.001 |
|             genblk1[1].genblk1[4].mac_instance |    <0.001 |
|             genblk1[1].genblk1[5].mac_instance |    <0.001 |
|             genblk1[1].genblk1[6].mac_instance |    <0.001 |
|             genblk1[1].genblk1[7].mac_instance |    <0.001 |
|             genblk1[2].genblk1[0].mac_instance |    <0.001 |
|             genblk1[2].genblk1[1].mac_instance |    <0.001 |
|             genblk1[2].genblk1[2].mac_instance |    <0.001 |
|             genblk1[2].genblk1[3].mac_instance |    <0.001 |
|             genblk1[2].genblk1[4].mac_instance |    <0.001 |
|             genblk1[2].genblk1[5].mac_instance |    <0.001 |
|             genblk1[2].genblk1[6].mac_instance |    <0.001 |
|             genblk1[2].genblk1[7].mac_instance |    <0.001 |
|             genblk1[3].genblk1[0].mac_instance |    <0.001 |
|             genblk1[3].genblk1[1].mac_instance |    <0.001 |
|             genblk1[3].genblk1[2].mac_instance |    <0.001 |
|             genblk1[3].genblk1[3].mac_instance |    <0.001 |
|             genblk1[3].genblk1[4].mac_instance |    <0.001 |
|             genblk1[3].genblk1[5].mac_instance |    <0.001 |
|             genblk1[3].genblk1[6].mac_instance |    <0.001 |
|             genblk1[3].genblk1[7].mac_instance |    <0.001 |
|             genblk1[4].genblk1[0].mac_instance |    <0.001 |
|             genblk1[4].genblk1[1].mac_instance |    <0.001 |
|             genblk1[4].genblk1[2].mac_instance |    <0.001 |
|             genblk1[4].genblk1[3].mac_instance |    <0.001 |
|             genblk1[4].genblk1[4].mac_instance |    <0.001 |
|             genblk1[4].genblk1[5].mac_instance |    <0.001 |
|             genblk1[4].genblk1[6].mac_instance |    <0.001 |
|             genblk1[4].genblk1[7].mac_instance |    <0.001 |
|             genblk1[5].genblk1[0].mac_instance |    <0.001 |
|             genblk1[5].genblk1[1].mac_instance |    <0.001 |
|             genblk1[5].genblk1[2].mac_instance |    <0.001 |
|             genblk1[5].genblk1[3].mac_instance |    <0.001 |
|             genblk1[5].genblk1[4].mac_instance |    <0.001 |
|             genblk1[5].genblk1[5].mac_instance |    <0.001 |
|             genblk1[5].genblk1[6].mac_instance |    <0.001 |
|             genblk1[5].genblk1[7].mac_instance |    <0.001 |
|             genblk1[6].genblk1[0].mac_instance |    <0.001 |
|             genblk1[6].genblk1[1].mac_instance |    <0.001 |
|             genblk1[6].genblk1[2].mac_instance |    <0.001 |
|             genblk1[6].genblk1[3].mac_instance |    <0.001 |
|             genblk1[6].genblk1[4].mac_instance |    <0.001 |
|             genblk1[6].genblk1[5].mac_instance |    <0.001 |
|             genblk1[6].genblk1[6].mac_instance |    <0.001 |
|             genblk1[6].genblk1[7].mac_instance |    <0.001 |
|             genblk1[7].genblk1[0].mac_instance |    <0.001 |
|             genblk1[7].genblk1[1].mac_instance |    <0.001 |
|             genblk1[7].genblk1[2].mac_instance |    <0.001 |
|             genblk1[7].genblk1[3].mac_instance |    <0.001 |
|             genblk1[7].genblk1[4].mac_instance |    <0.001 |
|             genblk1[7].genblk1[5].mac_instance |    <0.001 |
|             genblk1[7].genblk1[6].mac_instance |    <0.001 |
|             genblk1[7].genblk1[7].mac_instance |    <0.001 |
|           core2                                |     0.005 |
|             genblk1[0].genblk1[0].mac_instance |    <0.001 |
|             genblk1[0].genblk1[1].mac_instance |    <0.001 |
|             genblk1[0].genblk1[2].mac_instance |    <0.001 |
|             genblk1[0].genblk1[3].mac_instance |    <0.001 |
|             genblk1[0].genblk1[4].mac_instance |    <0.001 |
|             genblk1[0].genblk1[5].mac_instance |    <0.001 |
|             genblk1[0].genblk1[6].mac_instance |    <0.001 |
|             genblk1[0].genblk1[7].mac_instance |    <0.001 |
|             genblk1[1].genblk1[0].mac_instance |    <0.001 |
|             genblk1[1].genblk1[1].mac_instance |    <0.001 |
|             genblk1[1].genblk1[2].mac_instance |    <0.001 |
|             genblk1[1].genblk1[3].mac_instance |    <0.001 |
|             genblk1[1].genblk1[4].mac_instance |    <0.001 |
|             genblk1[1].genblk1[5].mac_instance |    <0.001 |
|             genblk1[1].genblk1[6].mac_instance |    <0.001 |
|             genblk1[1].genblk1[7].mac_instance |    <0.001 |
|             genblk1[2].genblk1[0].mac_instance |    <0.001 |
|             genblk1[2].genblk1[1].mac_instance |    <0.001 |
|             genblk1[2].genblk1[2].mac_instance |    <0.001 |
|             genblk1[2].genblk1[3].mac_instance |    <0.001 |
|             genblk1[2].genblk1[4].mac_instance |    <0.001 |
|             genblk1[2].genblk1[5].mac_instance |    <0.001 |
|             genblk1[2].genblk1[6].mac_instance |    <0.001 |
|             genblk1[2].genblk1[7].mac_instance |    <0.001 |
|             genblk1[3].genblk1[0].mac_instance |    <0.001 |
|             genblk1[3].genblk1[1].mac_instance |    <0.001 |
|             genblk1[3].genblk1[2].mac_instance |    <0.001 |
|             genblk1[3].genblk1[3].mac_instance |    <0.001 |
|             genblk1[3].genblk1[4].mac_instance |    <0.001 |
|             genblk1[3].genblk1[5].mac_instance |    <0.001 |
|             genblk1[3].genblk1[6].mac_instance |    <0.001 |
|             genblk1[3].genblk1[7].mac_instance |    <0.001 |
|             genblk1[4].genblk1[0].mac_instance |    <0.001 |
|             genblk1[4].genblk1[1].mac_instance |    <0.001 |
|             genblk1[4].genblk1[2].mac_instance |    <0.001 |
|             genblk1[4].genblk1[3].mac_instance |    <0.001 |
|             genblk1[4].genblk1[4].mac_instance |    <0.001 |
|             genblk1[4].genblk1[5].mac_instance |    <0.001 |
|             genblk1[4].genblk1[6].mac_instance |    <0.001 |
|             genblk1[4].genblk1[7].mac_instance |    <0.001 |
|             genblk1[5].genblk1[0].mac_instance |    <0.001 |
|             genblk1[5].genblk1[1].mac_instance |    <0.001 |
|             genblk1[5].genblk1[2].mac_instance |    <0.001 |
|             genblk1[5].genblk1[3].mac_instance |    <0.001 |
|             genblk1[5].genblk1[4].mac_instance |    <0.001 |
|             genblk1[5].genblk1[5].mac_instance |    <0.001 |
|             genblk1[5].genblk1[6].mac_instance |    <0.001 |
|             genblk1[5].genblk1[7].mac_instance |    <0.001 |
|             genblk1[6].genblk1[0].mac_instance |    <0.001 |
|             genblk1[6].genblk1[1].mac_instance |    <0.001 |
|             genblk1[6].genblk1[2].mac_instance |    <0.001 |
|             genblk1[6].genblk1[3].mac_instance |    <0.001 |
|             genblk1[6].genblk1[4].mac_instance |    <0.001 |
|             genblk1[6].genblk1[5].mac_instance |    <0.001 |
|             genblk1[6].genblk1[6].mac_instance |    <0.001 |
|             genblk1[6].genblk1[7].mac_instance |    <0.001 |
|             genblk1[7].genblk1[0].mac_instance |    <0.001 |
|             genblk1[7].genblk1[1].mac_instance |    <0.001 |
|             genblk1[7].genblk1[2].mac_instance |    <0.001 |
|             genblk1[7].genblk1[3].mac_instance |    <0.001 |
|             genblk1[7].genblk1[4].mac_instance |    <0.001 |
|             genblk1[7].genblk1[5].mac_instance |    <0.001 |
|             genblk1[7].genblk1[6].mac_instance |    <0.001 |
|             genblk1[7].genblk1[7].mac_instance |    <0.001 |
|           core3                                |     0.004 |
|             genblk1[0].genblk1[0].mac_instance |    <0.001 |
|             genblk1[0].genblk1[1].mac_instance |    <0.001 |
|             genblk1[0].genblk1[2].mac_instance |    <0.001 |
|             genblk1[0].genblk1[3].mac_instance |    <0.001 |
|             genblk1[0].genblk1[4].mac_instance |    <0.001 |
|             genblk1[0].genblk1[5].mac_instance |    <0.001 |
|             genblk1[0].genblk1[6].mac_instance |    <0.001 |
|             genblk1[0].genblk1[7].mac_instance |    <0.001 |
|             genblk1[1].genblk1[0].mac_instance |    <0.001 |
|             genblk1[1].genblk1[1].mac_instance |    <0.001 |
|             genblk1[1].genblk1[2].mac_instance |    <0.001 |
|             genblk1[1].genblk1[3].mac_instance |    <0.001 |
|             genblk1[1].genblk1[4].mac_instance |    <0.001 |
|             genblk1[1].genblk1[5].mac_instance |    <0.001 |
|             genblk1[1].genblk1[6].mac_instance |    <0.001 |
|             genblk1[1].genblk1[7].mac_instance |    <0.001 |
|             genblk1[2].genblk1[0].mac_instance |    <0.001 |
|             genblk1[2].genblk1[1].mac_instance |    <0.001 |
|             genblk1[2].genblk1[2].mac_instance |    <0.001 |
|             genblk1[2].genblk1[3].mac_instance |    <0.001 |
|             genblk1[2].genblk1[4].mac_instance |    <0.001 |
|             genblk1[2].genblk1[5].mac_instance |    <0.001 |
|             genblk1[2].genblk1[6].mac_instance |    <0.001 |
|             genblk1[2].genblk1[7].mac_instance |    <0.001 |
|             genblk1[3].genblk1[0].mac_instance |    <0.001 |
|             genblk1[3].genblk1[1].mac_instance |    <0.001 |
|             genblk1[3].genblk1[2].mac_instance |    <0.001 |
|             genblk1[3].genblk1[3].mac_instance |    <0.001 |
|             genblk1[3].genblk1[4].mac_instance |    <0.001 |
|             genblk1[3].genblk1[5].mac_instance |    <0.001 |
|             genblk1[3].genblk1[6].mac_instance |    <0.001 |
|             genblk1[3].genblk1[7].mac_instance |    <0.001 |
|             genblk1[4].genblk1[0].mac_instance |    <0.001 |
|             genblk1[4].genblk1[1].mac_instance |    <0.001 |
|             genblk1[4].genblk1[2].mac_instance |    <0.001 |
|             genblk1[4].genblk1[3].mac_instance |    <0.001 |
|             genblk1[4].genblk1[4].mac_instance |    <0.001 |
|             genblk1[4].genblk1[5].mac_instance |    <0.001 |
|             genblk1[4].genblk1[6].mac_instance |    <0.001 |
|             genblk1[4].genblk1[7].mac_instance |    <0.001 |
|             genblk1[5].genblk1[0].mac_instance |    <0.001 |
|             genblk1[5].genblk1[1].mac_instance |    <0.001 |
|             genblk1[5].genblk1[2].mac_instance |    <0.001 |
|             genblk1[5].genblk1[3].mac_instance |    <0.001 |
|             genblk1[5].genblk1[4].mac_instance |    <0.001 |
|             genblk1[5].genblk1[5].mac_instance |    <0.001 |
|             genblk1[5].genblk1[6].mac_instance |    <0.001 |
|             genblk1[5].genblk1[7].mac_instance |    <0.001 |
|             genblk1[6].genblk1[0].mac_instance |    <0.001 |
|             genblk1[6].genblk1[1].mac_instance |    <0.001 |
|             genblk1[6].genblk1[2].mac_instance |    <0.001 |
|             genblk1[6].genblk1[3].mac_instance |    <0.001 |
|             genblk1[6].genblk1[4].mac_instance |    <0.001 |
|             genblk1[6].genblk1[5].mac_instance |    <0.001 |
|             genblk1[6].genblk1[6].mac_instance |    <0.001 |
|             genblk1[6].genblk1[7].mac_instance |    <0.001 |
|             genblk1[7].genblk1[0].mac_instance |    <0.001 |
|             genblk1[7].genblk1[1].mac_instance |    <0.001 |
|             genblk1[7].genblk1[2].mac_instance |    <0.001 |
|             genblk1[7].genblk1[3].mac_instance |    <0.001 |
|             genblk1[7].genblk1[4].mac_instance |    <0.001 |
|             genblk1[7].genblk1[5].mac_instance |    <0.001 |
|             genblk1[7].genblk1[6].mac_instance |    <0.001 |
|             genblk1[7].genblk1[7].mac_instance |    <0.001 |
|         weight_valid_setup                     |    <0.001 |
|           genblk1[10].pipeline_gen_instance    |    <0.001 |
|           genblk1[11].pipeline_gen_instance    |    <0.001 |
|           genblk1[12].pipeline_gen_instance    |    <0.001 |
|           genblk1[13].pipeline_gen_instance    |    <0.001 |
|           genblk1[14].pipeline_gen_instance    |    <0.001 |
|           genblk1[15].pipeline_gen_instance    |    <0.001 |
|           genblk1[1].pipeline_gen_instance     |    <0.001 |
|           genblk1[2].pipeline_gen_instance     |    <0.001 |
|           genblk1[3].pipeline_gen_instance     |    <0.001 |
|           genblk1[4].pipeline_gen_instance     |    <0.001 |
|           genblk1[5].pipeline_gen_instance     |    <0.001 |
|           genblk1[6].pipeline_gen_instance     |    <0.001 |
|           genblk1[7].pipeline_gen_instance     |    <0.001 |
|           genblk1[8].pipeline_gen_instance     |    <0.001 |
|           genblk1[9].pipeline_gen_instance     |    <0.001 |
|       memory_mapped_instance                   |    <0.001 |
|         GEMM_control_buffer                    |    <0.001 |
|         tileA_addr_buffer                      |    <0.001 |
|         tileA_stride_buffer                    |    <0.001 |
|         tileB_addr_buffer                      |    <0.001 |
|         tileB_stride_buffer                    |    <0.001 |
|         tileC_addr_buffer                      |    <0.001 |
|         tile_dimension_buffer                  |    <0.001 |
|       my_controller                            |    <0.001 |
|       my_store_controller                      |     0.001 |
|     memory_instance                            |     0.003 |
+------------------------------------------------+-----------+


